<?xml version="1.0" encoding="utf-8"?><TestRun id="a75e0201-4284-49d8-be82-b504231c154c" name="@melodic 2018-07-19 13:24:41" xmlns="http://microsoft.com/schemas/VisualStudio/TeamTest/2010"><Times creation="2018-07-19T13:24:41.4204843+01:00" queuing="2018-07-19T13:24:41.4204916+01:00" start="2018-07-19T13:24:40.5553773+01:00" finish="2018-07-19T13:24:41.4553488+01:00" /><TestSettings name="default" id="190afe49-895f-46bd-8d2d-eeb8329e3d1e"><Deployment runDeploymentRoot="_melodic_2018-07-19_13_24_41" /></TestSettings><Results><UnitTestResult executionId="599bd850-dcca-486d-949d-76f1b10d3a27" testId="cc54e1f4-240c-430a-9451-1b73a6de167a" testName="iLynx.Common.Tests.ExtensionMethodTests.WhenToCalledWithZeroRangeThenFirstValueReturned" computerName="melodic" duration="00:00:00.0010000" startTime="2018-07-19T13:24:41.4035539+01:00" endTime="2018-07-19T13:24:41.4035546+01:00" testType="13cdc9d9-ddb5-4fa4-a97d-d965ccfc6d4b" outcome="Passed" testListId="8c84fa94-04c1-424b-9868-57a2d4851a1d" relativeResultsDirectory="599bd850-dcca-486d-949d-76f1b10d3a27" /><UnitTestResult executionId="9512e34b-2810-4d5d-9160-16a439416a81" testId="fcea0313-56f2-4eec-a742-5311a3f79c29" testName="iLynx.Common.Tests.ExtensionMethodTests.WhenUnsignedToCalledWithNegativeRangeThenCorrectArrayReturned" computerName="melodic" duration="00:00:00.0010000" startTime="2018-07-19T13:24:41.3745424+01:00" endTime="2018-07-19T13:24:41.3745430+01:00" testType="13cdc9d9-ddb5-4fa4-a97d-d965ccfc6d4b" outcome="Passed" testListId="8c84fa94-04c1-424b-9868-57a2d4851a1d" relativeResultsDirectory="9512e34b-2810-4d5d-9160-16a439416a81" /><UnitTestResult executionId="26570289-4d64-4068-9b10-82bc68900d6d" testId="c0260168-d7eb-4531-8999-20563d4d46b7" testName="iLynx.Common.Tests.BindingSourceTests.WhenPropertChangedCalledWithNullNameThenExceptionThrown" computerName="melodic" duration="00:00:00.0060000" startTime="2018-07-19T13:24:41.3685505+01:00" endTime="2018-07-19T13:24:41.3685539+01:00" testType="13cdc9d9-ddb5-4fa4-a97d-d965ccfc6d4b" outcome="Passed" testListId="8c84fa94-04c1-424b-9868-57a2d4851a1d" relativeResultsDirectory="26570289-4d64-4068-9b10-82bc68900d6d" /><UnitTestResult executionId="98a51e3b-1845-46e6-9f51-6d4b71e10f8f" testId="8e9033b8-4b0c-4a20-a42c-47b2281b0bb8" testName="iLynx.Common.Tests.ExtensionMethodTests.WhenToCalledWithPositiveInverseRangeThenCorrectArrayReturned" computerName="melodic" duration="00:00:00.0010000" startTime="2018-07-19T13:24:41.3745104+01:00" endTime="2018-07-19T13:24:41.3745110+01:00" testType="13cdc9d9-ddb5-4fa4-a97d-d965ccfc6d4b" outcome="Passed" testListId="8c84fa94-04c1-424b-9868-57a2d4851a1d" relativeResultsDirectory="98a51e3b-1845-46e6-9f51-6d4b71e10f8f" /><UnitTestResult executionId="e98c3747-81ce-4c77-905f-76bb430a2b98" testId="71003e05-bd13-44d2-8883-d17b918e8fed" testName="iLynx.Common.Tests.ExtensionMethodTests.WhenUnsignedToCalledWithZeroRangeThenFirstValueReturned" computerName="melodic" duration="00:00:00.0010000" startTime="2018-07-19T13:24:41.4035201+01:00" endTime="2018-07-19T13:24:41.4035212+01:00" testType="13cdc9d9-ddb5-4fa4-a97d-d965ccfc6d4b" outcome="Passed" testListId="8c84fa94-04c1-424b-9868-57a2d4851a1d" relativeResultsDirectory="e98c3747-81ce-4c77-905f-76bb430a2b98" /><UnitTestResult executionId="ebb287d5-1407-4702-81bf-b329edb64e7a" testId="f1726f33-f3e9-4cdd-a515-bdb598f81e16" testName="iLynx.Common.Tests.BindingSourceTests.WhenPropertyChangedRaisedWithDifferentTypesThenCorrectHandlerStillCalled" computerName="melodic" duration="00:00:00.0030000" startTime="2018-07-19T13:24:41.4036561+01:00" endTime="2018-07-19T13:24:41.4036568+01:00" testType="13cdc9d9-ddb5-4fa4-a97d-d965ccfc6d4b" outcome="Passed" testListId="8c84fa94-04c1-424b-9868-57a2d4851a1d" relativeResultsDirectory="ebb287d5-1407-4702-81bf-b329edb64e7a" /><UnitTestResult executionId="393e1fe3-5e7d-48d4-a44a-a2ae448dafab" testId="c5a20f10-8f8e-46e8-9abc-6e3b784ddec9" testName="iLynx.Common.Tests.BindingSourceTests.WhenPropertyChangedThenCorrectHandlerInvoked" computerName="melodic" duration="00:00:00.0020000" startTime="2018-07-19T13:24:41.4036009+01:00" endTime="2018-07-19T13:24:41.4036015+01:00" testType="13cdc9d9-ddb5-4fa4-a97d-d965ccfc6d4b" outcome="Passed" testListId="8c84fa94-04c1-424b-9868-57a2d4851a1d" relativeResultsDirectory="393e1fe3-5e7d-48d4-a44a-a2ae448dafab" /><UnitTestResult executionId="9ff3fc66-4a67-44ce-8220-ba0c312ef3d8" testId="d2e5fd44-ee99-4d46-ae54-e24a63eb4bbf" testName="iLynx.Common.Tests.ExtensionMethodTests.WhenToCalledWithPositiveRangeThenCorrectArrayReturned" computerName="melodic" duration="00:00:00.0010000" startTime="2018-07-19T13:24:41.3745767+01:00" endTime="2018-07-19T13:24:41.3745774+01:00" testType="13cdc9d9-ddb5-4fa4-a97d-d965ccfc6d4b" outcome="Passed" testListId="8c84fa94-04c1-424b-9868-57a2d4851a1d" relativeResultsDirectory="9ff3fc66-4a67-44ce-8220-ba0c312ef3d8" /><UnitTestResult executionId="1ac26344-2527-47ef-b5aa-dfc7a071b2da" testId="47d9b3ca-0434-4f52-93a2-639e41edd7ad" testName="iLynx.Common.Tests.ExtensionMethodTests.WhenToCalledWithNegativeInverseRangeThenCorrectArrayReturned" computerName="melodic" duration="00:00:00.0010000" startTime="2018-07-19T13:24:41.3746409+01:00" endTime="2018-07-19T13:24:41.3746415+01:00" testType="13cdc9d9-ddb5-4fa4-a97d-d965ccfc6d4b" outcome="Passed" testListId="8c84fa94-04c1-424b-9868-57a2d4851a1d" relativeResultsDirectory="1ac26344-2527-47ef-b5aa-dfc7a071b2da" /><UnitTestResult executionId="c3cc8eb9-b793-4895-acdc-b9fab6197d81" testId="1d9e39a1-478f-4ca9-86ff-8e0cab50fdb0" testName="iLynx.Common.Tests.ExtensionMethodTests.WhenUnsignedToCalledWithPositiveRangeThenCorrectArrayReturned" computerName="melodic" duration="00:00:00.0010000" startTime="2018-07-19T13:24:41.3746085+01:00" endTime="2018-07-19T13:24:41.3746092+01:00" testType="13cdc9d9-ddb5-4fa4-a97d-d965ccfc6d4b" outcome="Passed" testListId="8c84fa94-04c1-424b-9868-57a2d4851a1d" relativeResultsDirectory="c3cc8eb9-b793-4895-acdc-b9fab6197d81" /><UnitTestResult executionId="f490ec8e-eabf-4efd-8b5a-dc216332a4a3" testId="1362f1d0-fb2a-4163-93f1-3764c8d2fe5b" testName="iLynx.Common.Tests.ExtensionMethodTests.WhenToCalledWithNegativeToPositiveRangeThenCorrectArrayReturned" computerName="melodic" duration="00:00:00.0010000" startTime="2018-07-19T13:24:41.4033334+01:00" endTime="2018-07-19T13:24:41.4033351+01:00" testType="13cdc9d9-ddb5-4fa4-a97d-d965ccfc6d4b" outcome="Passed" testListId="8c84fa94-04c1-424b-9868-57a2d4851a1d" relativeResultsDirectory="f490ec8e-eabf-4efd-8b5a-dc216332a4a3" /><UnitTestResult executionId="367758db-6eae-40ba-94fc-68b20236be83" testId="95f951e6-be40-45bb-ac05-7f4a050b7d9f" testName="iLynx.Common.Tests.ExtensionMethodTests.WhenToCalledWithNegativeRangeThenCorrectArrayReturned" computerName="melodic" duration="00:00:00.0090000" startTime="2018-07-19T13:24:41.3744229+01:00" endTime="2018-07-19T13:24:41.3744243+01:00" testType="13cdc9d9-ddb5-4fa4-a97d-d965ccfc6d4b" outcome="Passed" testListId="8c84fa94-04c1-424b-9868-57a2d4851a1d" relativeResultsDirectory="367758db-6eae-40ba-94fc-68b20236be83" /><UnitTestResult executionId="ca30cc38-1d16-4fa5-8b0f-ff27f53993a7" testId="2139f51e-d2ca-4f37-bc4f-7fd86b23f95d" testName="iLynx.Common.Tests.ExtensionMethodTests.WhenToCalledWithPositiveToNegativeRangeThenCorrectArrayReturned" computerName="melodic" duration="00:00:00.0010000" startTime="2018-07-19T13:24:41.3744771+01:00" endTime="2018-07-19T13:24:41.3744778+01:00" testType="13cdc9d9-ddb5-4fa4-a97d-d965ccfc6d4b" outcome="Passed" testListId="8c84fa94-04c1-424b-9868-57a2d4851a1d" relativeResultsDirectory="ca30cc38-1d16-4fa5-8b0f-ff27f53993a7" /><UnitTestResult executionId="f82e28e8-b61d-4c3d-9811-11466af00dcc" testId="54515d59-0e31-4078-b005-b648e894163f" testName="iLynx.Common.Tests.ExtensionMethodTests.WhenToCalledWithNegativeZeroRangeThenFirstValueReturned" computerName="melodic" duration="00:00:00.0010000" startTime="2018-07-19T13:24:41.4035855+01:00" endTime="2018-07-19T13:24:41.4035861+01:00" testType="13cdc9d9-ddb5-4fa4-a97d-d965ccfc6d4b" outcome="Passed" testListId="8c84fa94-04c1-424b-9868-57a2d4851a1d" relativeResultsDirectory="f82e28e8-b61d-4c3d-9811-11466af00dcc" /></Results><TestDefinitions><UnitTest name="iLynx.Common.Tests.ExtensionMethodTests.WhenToCalledWithZeroRangeThenFirstValueReturned" storage="/media/data/dev/ilynx.common.netcore/ilynx.common.tests/bin/debug/netcoreapp2.0/ilynx.common.tests.dll" id="cc54e1f4-240c-430a-9451-1b73a6de167a"><Execution id="599bd850-dcca-486d-949d-76f1b10d3a27" /><TestMethod codeBase="/media/data/Dev/iLynx.Common.NetCore/iLynx.Common.Tests/bin/Debug/netcoreapp2.0/iLynx.Common.Tests.dll" adapterTypeName="executor://xunit/VsTestRunner2/netcoreapp" className="iLynx.Common.Tests.ExtensionMethodTests" name="iLynx.Common.Tests.ExtensionMethodTests.WhenToCalledWithZeroRangeThenFirstValueReturned" /></UnitTest><UnitTest name="iLynx.Common.Tests.BindingSourceTests.WhenPropertChangedCalledWithNullNameThenExceptionThrown" storage="/media/data/dev/ilynx.common.netcore/ilynx.common.tests/bin/debug/netcoreapp2.0/ilynx.common.tests.dll" id="c0260168-d7eb-4531-8999-20563d4d46b7"><Execution id="26570289-4d64-4068-9b10-82bc68900d6d" /><TestMethod codeBase="/media/data/Dev/iLynx.Common.NetCore/iLynx.Common.Tests/bin/Debug/netcoreapp2.0/iLynx.Common.Tests.dll" adapterTypeName="executor://xunit/VsTestRunner2/netcoreapp" className="iLynx.Common.Tests.BindingSourceTests" name="iLynx.Common.Tests.BindingSourceTests.WhenPropertChangedCalledWithNullNameThenExceptionThrown" /></UnitTest><UnitTest name="iLynx.Common.Tests.ExtensionMethodTests.WhenUnsignedToCalledWithZeroRangeThenFirstValueReturned" storage="/media/data/dev/ilynx.common.netcore/ilynx.common.tests/bin/debug/netcoreapp2.0/ilynx.common.tests.dll" id="71003e05-bd13-44d2-8883-d17b918e8fed"><Execution id="e98c3747-81ce-4c77-905f-76bb430a2b98" /><TestMethod codeBase="/media/data/Dev/iLynx.Common.NetCore/iLynx.Common.Tests/bin/Debug/netcoreapp2.0/iLynx.Common.Tests.dll" adapterTypeName="executor://xunit/VsTestRunner2/netcoreapp" className="iLynx.Common.Tests.ExtensionMethodTests" name="iLynx.Common.Tests.ExtensionMethodTests.WhenUnsignedToCalledWithZeroRangeThenFirstValueReturned" /></UnitTest><UnitTest name="iLynx.Common.Tests.ExtensionMethodTests.WhenToCalledWithPositiveRangeThenCorrectArrayReturned" storage="/media/data/dev/ilynx.common.netcore/ilynx.common.tests/bin/debug/netcoreapp2.0/ilynx.common.tests.dll" id="d2e5fd44-ee99-4d46-ae54-e24a63eb4bbf"><Execution id="9ff3fc66-4a67-44ce-8220-ba0c312ef3d8" /><TestMethod codeBase="/media/data/Dev/iLynx.Common.NetCore/iLynx.Common.Tests/bin/Debug/netcoreapp2.0/iLynx.Common.Tests.dll" adapterTypeName="executor://xunit/VsTestRunner2/netcoreapp" className="iLynx.Common.Tests.ExtensionMethodTests" name="iLynx.Common.Tests.ExtensionMethodTests.WhenToCalledWithPositiveRangeThenCorrectArrayReturned" /></UnitTest><UnitTest name="iLynx.Common.Tests.ExtensionMethodTests.WhenToCalledWithNegativeRangeThenCorrectArrayReturned" storage="/media/data/dev/ilynx.common.netcore/ilynx.common.tests/bin/debug/netcoreapp2.0/ilynx.common.tests.dll" id="95f951e6-be40-45bb-ac05-7f4a050b7d9f"><Execution id="367758db-6eae-40ba-94fc-68b20236be83" /><TestMethod codeBase="/media/data/Dev/iLynx.Common.NetCore/iLynx.Common.Tests/bin/Debug/netcoreapp2.0/iLynx.Common.Tests.dll" adapterTypeName="executor://xunit/VsTestRunner2/netcoreapp" className="iLynx.Common.Tests.ExtensionMethodTests" name="iLynx.Common.Tests.ExtensionMethodTests.WhenToCalledWithNegativeRangeThenCorrectArrayReturned" /></UnitTest><UnitTest name="iLynx.Common.Tests.ExtensionMethodTests.WhenUnsignedToCalledWithNegativeRangeThenCorrectArrayReturned" storage="/media/data/dev/ilynx.common.netcore/ilynx.common.tests/bin/debug/netcoreapp2.0/ilynx.common.tests.dll" id="fcea0313-56f2-4eec-a742-5311a3f79c29"><Execution id="9512e34b-2810-4d5d-9160-16a439416a81" /><TestMethod codeBase="/media/data/Dev/iLynx.Common.NetCore/iLynx.Common.Tests/bin/Debug/netcoreapp2.0/iLynx.Common.Tests.dll" adapterTypeName="executor://xunit/VsTestRunner2/netcoreapp" className="iLynx.Common.Tests.ExtensionMethodTests" name="iLynx.Common.Tests.ExtensionMethodTests.WhenUnsignedToCalledWithNegativeRangeThenCorrectArrayReturned" /></UnitTest><UnitTest name="iLynx.Common.Tests.ExtensionMethodTests.WhenToCalledWithPositiveToNegativeRangeThenCorrectArrayReturned" storage="/media/data/dev/ilynx.common.netcore/ilynx.common.tests/bin/debug/netcoreapp2.0/ilynx.common.tests.dll" id="2139f51e-d2ca-4f37-bc4f-7fd86b23f95d"><Execution id="ca30cc38-1d16-4fa5-8b0f-ff27f53993a7" /><TestMethod codeBase="/media/data/Dev/iLynx.Common.NetCore/iLynx.Common.Tests/bin/Debug/netcoreapp2.0/iLynx.Common.Tests.dll" adapterTypeName="executor://xunit/VsTestRunner2/netcoreapp" className="iLynx.Common.Tests.ExtensionMethodTests" name="iLynx.Common.Tests.ExtensionMethodTests.WhenToCalledWithPositiveToNegativeRangeThenCorrectArrayReturned" /></UnitTest><UnitTest name="iLynx.Common.Tests.ExtensionMethodTests.WhenToCalledWithNegativeZeroRangeThenFirstValueReturned" storage="/media/data/dev/ilynx.common.netcore/ilynx.common.tests/bin/debug/netcoreapp2.0/ilynx.common.tests.dll" id="54515d59-0e31-4078-b005-b648e894163f"><Execution id="f82e28e8-b61d-4c3d-9811-11466af00dcc" /><TestMethod codeBase="/media/data/Dev/iLynx.Common.NetCore/iLynx.Common.Tests/bin/Debug/netcoreapp2.0/iLynx.Common.Tests.dll" adapterTypeName="executor://xunit/VsTestRunner2/netcoreapp" className="iLynx.Common.Tests.ExtensionMethodTests" name="iLynx.Common.Tests.ExtensionMethodTests.WhenToCalledWithNegativeZeroRangeThenFirstValueReturned" /></UnitTest><UnitTest name="iLynx.Common.Tests.BindingSourceTests.WhenPropertyChangedThenCorrectHandlerInvoked" storage="/media/data/dev/ilynx.common.netcore/ilynx.common.tests/bin/debug/netcoreapp2.0/ilynx.common.tests.dll" id="c5a20f10-8f8e-46e8-9abc-6e3b784ddec9"><Execution id="393e1fe3-5e7d-48d4-a44a-a2ae448dafab" /><TestMethod codeBase="/media/data/Dev/iLynx.Common.NetCore/iLynx.Common.Tests/bin/Debug/netcoreapp2.0/iLynx.Common.Tests.dll" adapterTypeName="executor://xunit/VsTestRunner2/netcoreapp" className="iLynx.Common.Tests.BindingSourceTests" name="iLynx.Common.Tests.BindingSourceTests.WhenPropertyChangedThenCorrectHandlerInvoked" /></UnitTest><UnitTest name="iLynx.Common.Tests.ExtensionMethodTests.WhenUnsignedToCalledWithPositiveRangeThenCorrectArrayReturned" storage="/media/data/dev/ilynx.common.netcore/ilynx.common.tests/bin/debug/netcoreapp2.0/ilynx.common.tests.dll" id="1d9e39a1-478f-4ca9-86ff-8e0cab50fdb0"><Execution id="c3cc8eb9-b793-4895-acdc-b9fab6197d81" /><TestMethod codeBase="/media/data/Dev/iLynx.Common.NetCore/iLynx.Common.Tests/bin/Debug/netcoreapp2.0/iLynx.Common.Tests.dll" adapterTypeName="executor://xunit/VsTestRunner2/netcoreapp" className="iLynx.Common.Tests.ExtensionMethodTests" name="iLynx.Common.Tests.ExtensionMethodTests.WhenUnsignedToCalledWithPositiveRangeThenCorrectArrayReturned" /></UnitTest><UnitTest name="iLynx.Common.Tests.ExtensionMethodTests.WhenToCalledWithPositiveInverseRangeThenCorrectArrayReturned" storage="/media/data/dev/ilynx.common.netcore/ilynx.common.tests/bin/debug/netcoreapp2.0/ilynx.common.tests.dll" id="8e9033b8-4b0c-4a20-a42c-47b2281b0bb8"><Execution id="98a51e3b-1845-46e6-9f51-6d4b71e10f8f" /><TestMethod codeBase="/media/data/Dev/iLynx.Common.NetCore/iLynx.Common.Tests/bin/Debug/netcoreapp2.0/iLynx.Common.Tests.dll" adapterTypeName="executor://xunit/VsTestRunner2/netcoreapp" className="iLynx.Common.Tests.ExtensionMethodTests" name="iLynx.Common.Tests.ExtensionMethodTests.WhenToCalledWithPositiveInverseRangeThenCorrectArrayReturned" /></UnitTest><UnitTest name="iLynx.Common.Tests.BindingSourceTests.WhenPropertyChangedRaisedWithDifferentTypesThenCorrectHandlerStillCalled" storage="/media/data/dev/ilynx.common.netcore/ilynx.common.tests/bin/debug/netcoreapp2.0/ilynx.common.tests.dll" id="f1726f33-f3e9-4cdd-a515-bdb598f81e16"><Execution id="ebb287d5-1407-4702-81bf-b329edb64e7a" /><TestMethod codeBase="/media/data/Dev/iLynx.Common.NetCore/iLynx.Common.Tests/bin/Debug/netcoreapp2.0/iLynx.Common.Tests.dll" adapterTypeName="executor://xunit/VsTestRunner2/netcoreapp" className="iLynx.Common.Tests.BindingSourceTests" name="iLynx.Common.Tests.BindingSourceTests.WhenPropertyChangedRaisedWithDifferentTypesThenCorrectHandlerStillCalled" /></UnitTest><UnitTest name="iLynx.Common.Tests.ExtensionMethodTests.WhenToCalledWithNegativeToPositiveRangeThenCorrectArrayReturned" storage="/media/data/dev/ilynx.common.netcore/ilynx.common.tests/bin/debug/netcoreapp2.0/ilynx.common.tests.dll" id="1362f1d0-fb2a-4163-93f1-3764c8d2fe5b"><Execution id="f490ec8e-eabf-4efd-8b5a-dc216332a4a3" /><TestMethod codeBase="/media/data/Dev/iLynx.Common.NetCore/iLynx.Common.Tests/bin/Debug/netcoreapp2.0/iLynx.Common.Tests.dll" adapterTypeName="executor://xunit/VsTestRunner2/netcoreapp" className="iLynx.Common.Tests.ExtensionMethodTests" name="iLynx.Common.Tests.ExtensionMethodTests.WhenToCalledWithNegativeToPositiveRangeThenCorrectArrayReturned" /></UnitTest><UnitTest name="iLynx.Common.Tests.ExtensionMethodTests.WhenToCalledWithNegativeInverseRangeThenCorrectArrayReturned" storage="/media/data/dev/ilynx.common.netcore/ilynx.common.tests/bin/debug/netcoreapp2.0/ilynx.common.tests.dll" id="47d9b3ca-0434-4f52-93a2-639e41edd7ad"><Execution id="1ac26344-2527-47ef-b5aa-dfc7a071b2da" /><TestMethod codeBase="/media/data/Dev/iLynx.Common.NetCore/iLynx.Common.Tests/bin/Debug/netcoreapp2.0/iLynx.Common.Tests.dll" adapterTypeName="executor://xunit/VsTestRunner2/netcoreapp" className="iLynx.Common.Tests.ExtensionMethodTests" name="iLynx.Common.Tests.ExtensionMethodTests.WhenToCalledWithNegativeInverseRangeThenCorrectArrayReturned" /></UnitTest></TestDefinitions><TestEntries><TestEntry testId="cc54e1f4-240c-430a-9451-1b73a6de167a" executionId="599bd850-dcca-486d-949d-76f1b10d3a27" testListId="8c84fa94-04c1-424b-9868-57a2d4851a1d" /><TestEntry testId="fcea0313-56f2-4eec-a742-5311a3f79c29" executionId="9512e34b-2810-4d5d-9160-16a439416a81" testListId="8c84fa94-04c1-424b-9868-57a2d4851a1d" /><TestEntry testId="c0260168-d7eb-4531-8999-20563d4d46b7" executionId="26570289-4d64-4068-9b10-82bc68900d6d" testListId="8c84fa94-04c1-424b-9868-57a2d4851a1d" /><TestEntry testId="8e9033b8-4b0c-4a20-a42c-47b2281b0bb8" executionId="98a51e3b-1845-46e6-9f51-6d4b71e10f8f" testListId="8c84fa94-04c1-424b-9868-57a2d4851a1d" /><TestEntry testId="71003e05-bd13-44d2-8883-d17b918e8fed" executionId="e98c3747-81ce-4c77-905f-76bb430a2b98" testListId="8c84fa94-04c1-424b-9868-57a2d4851a1d" /><TestEntry testId="f1726f33-f3e9-4cdd-a515-bdb598f81e16" executionId="ebb287d5-1407-4702-81bf-b329edb64e7a" testListId="8c84fa94-04c1-424b-9868-57a2d4851a1d" /><TestEntry testId="c5a20f10-8f8e-46e8-9abc-6e3b784ddec9" executionId="393e1fe3-5e7d-48d4-a44a-a2ae448dafab" testListId="8c84fa94-04c1-424b-9868-57a2d4851a1d" /><TestEntry testId="d2e5fd44-ee99-4d46-ae54-e24a63eb4bbf" executionId="9ff3fc66-4a67-44ce-8220-ba0c312ef3d8" testListId="8c84fa94-04c1-424b-9868-57a2d4851a1d" /><TestEntry testId="47d9b3ca-0434-4f52-93a2-639e41edd7ad" executionId="1ac26344-2527-47ef-b5aa-dfc7a071b2da" testListId="8c84fa94-04c1-424b-9868-57a2d4851a1d" /><TestEntry testId="1d9e39a1-478f-4ca9-86ff-8e0cab50fdb0" executionId="c3cc8eb9-b793-4895-acdc-b9fab6197d81" testListId="8c84fa94-04c1-424b-9868-57a2d4851a1d" /><TestEntry testId="1362f1d0-fb2a-4163-93f1-3764c8d2fe5b" executionId="f490ec8e-eabf-4efd-8b5a-dc216332a4a3" testListId="8c84fa94-04c1-424b-9868-57a2d4851a1d" /><TestEntry testId="95f951e6-be40-45bb-ac05-7f4a050b7d9f" executionId="367758db-6eae-40ba-94fc-68b20236be83" testListId="8c84fa94-04c1-424b-9868-57a2d4851a1d" /><TestEntry testId="2139f51e-d2ca-4f37-bc4f-7fd86b23f95d" executionId="ca30cc38-1d16-4fa5-8b0f-ff27f53993a7" testListId="8c84fa94-04c1-424b-9868-57a2d4851a1d" /><TestEntry testId="54515d59-0e31-4078-b005-b648e894163f" executionId="f82e28e8-b61d-4c3d-9811-11466af00dcc" testListId="8c84fa94-04c1-424b-9868-57a2d4851a1d" /></TestEntries><TestLists><TestList name="Results Not in a List" id="8c84fa94-04c1-424b-9868-57a2d4851a1d" /><TestList name="All Loaded Results" id="19431567-8539-422a-85d7-44ee4e166bda" /></TestLists><ResultSummary outcome="Completed"><Counters total="14" executed="14" passed="14" failed="0" error="0" timeout="0" aborted="0" inconclusive="0" passedButRunAborted="0" notRunnable="0" notExecuted="0" disconnected="0" warning="0" completed="0" inProgress="0" pending="0" /><Output><StdOut>[xUnit.net 00:00:00.2911883]   Discovering: iLynx.Common.Tests[xUnit.net 00:00:00.3252180]   Discovered:  iLynx.Common.Tests[xUnit.net 00:00:00.3307299]   Starting:    iLynx.Common.Tests[xUnit.net 00:00:00.4540574]   Finished:    iLynx.Common.Tests</StdOut></Output></ResultSummary></TestRun>